<?xml version="1.0" encoding="UTF-8"?>
<testng-results skipped="0" failed="0" ignored="8" total="9" passed="1">
  <reporter-output>
  </reporter-output>
  <suite name="Default suite" duration-ms="44547" started-at="2017-11-28T03:05:18Z" finished-at="2017-11-28T03:06:03Z">
    <groups>
    </groups>
    <test name="Default test" duration-ms="44547" started-at="2017-11-28T03:05:18Z" finished-at="2017-11-28T03:06:03Z">
      <class name="com.edu.test.TGGuanJianCi">
        <test-method status="PASS" signature="setUpBrowser()[pri:0, instance:com.edu.test.TGGuanJianCi@5419f379]" name="setUpBrowser" is-config="true" duration-ms="28474" started-at="2017-11-28T11:05:18Z" finished-at="2017-11-28T11:05:47Z">
          <reporter-output>
          </reporter-output>
        </test-method> <!-- setUpBrowser -->
        <test-method status="PASS" signature="beforeAction()[pri:0, instance:com.edu.test.TGGuanJianCi@5419f379]" name="beforeAction" is-config="true" duration-ms="5078" started-at="2017-11-28T11:05:47Z" finished-at="2017-11-28T11:05:52Z">
          <reporter-output>
          </reporter-output>
        </test-method> <!-- beforeAction -->
        <test-method status="PASS" signature="Propage()[pri:0, instance:com.edu.test.TGGuanJianCi@5419f379]" name="Propage" duration-ms="10972" started-at="2017-11-28T11:05:52Z" finished-at="2017-11-28T11:06:03Z">
          <reporter-output>
          </reporter-output>
        </test-method> <!-- Propage -->
      </class> <!-- com.edu.test.TGGuanJianCi -->
    </test> <!-- Default test -->
  </suite> <!-- Default suite -->
</testng-results>
