<?xml version="1.0" encoding="UTF-8"?>
<testng-results skipped="0" failed="0" ignored="1" total="2" passed="1">
  <reporter-output>
  </reporter-output>
  <suite name="Default suite" duration-ms="62777" started-at="2017-11-23T08:49:56Z" finished-at="2017-11-23T08:50:59Z">
    <groups>
    </groups>
    <test name="Default test" duration-ms="62777" started-at="2017-11-23T08:49:56Z" finished-at="2017-11-23T08:50:59Z">
      <class name="com.edu.test.BackChanZhi">
        <test-method status="PASS" signature="setUpBrowser()[pri:0, instance:com.edu.test.BackChanZhi@7dc7cbad]" name="setUpBrowser" is-config="true" duration-ms="34935" started-at="2017-11-23T16:49:56Z" finished-at="2017-11-23T16:50:31Z">
          <reporter-output>
          </reporter-output>
        </test-method> <!-- setUpBrowser -->
        <test-method status="PASS" signature="TuiguangToday(java.lang.String, java.lang.String)[pri:0, instance:com.edu.test.BackChanZhi@7dc7cbad]" name="TuiguangToday" duration-ms="27815" started-at="2017-11-23T16:50:31Z" data-provider="today" finished-at="2017-11-23T16:50:59Z">
          <params>
            <param index="0">
              <value>
                <![CDATA[2017-11-20]]>
              </value>
            </param>
            <param index="1">
              <value>
                <![CDATA[2017-11-23]]>
              </value>
            </param>
          </params>
          <reporter-output>
          </reporter-output>
        </test-method> <!-- TuiguangToday -->
      </class> <!-- com.edu.test.BackChanZhi -->
    </test> <!-- Default test -->
  </suite> <!-- Default suite -->
</testng-results>
