<?xml version="1.0" encoding="UTF-8"?>
<!-- Generated by org.testng.reporters.JUnitXMLReporter -->
<testsuite hostname="doge-star" ignored="1" name="Default test" tests="1" failures="0" timestamp="23 十一月 2017 08:50:59 GMT" time="62.777" errors="0">
  <testcase name="TuiguangToday" time="27.815" classname="com.edu.test.BackChanZhi"/>
  <testcase name="testbackLogin" time="0.0" classname="com.edu.test.BackChanZhi">
    <ignored/>
  </testcase> <!-- testbackLogin -->
</testsuite> <!-- Default test -->
