<?xml version="1.0" encoding="UTF-8"?>
<!-- Generated by org.testng.reporters.JUnitXMLReporter -->
<testsuite hostname="doge-star" ignored="8" name="Default test" tests="1" failures="0" timestamp="28 十一月 2017 03:06:03 GMT" time="44.547" errors="0">
  <testcase name="Propage" time="10.972" classname="com.edu.test.TGGuanJianCi"/>
  <testcase name="Breadcrumb" time="0.0" classname="com.edu.test.TGGuanJianCi">
    <ignored/>
  </testcase> <!-- Breadcrumb -->
  <testcase name="KaiyuanCMS" time="0.0" classname="com.edu.test.TGGuanJianCi">
    <ignored/>
  </testcase> <!-- KaiyuanCMS -->
  <testcase name="Nextpage" time="0.0" classname="com.edu.test.TGGuanJianCi">
    <ignored/>
  </testcase> <!-- Nextpage -->
  <testcase name="Guanjianzi" time="0.0" classname="com.edu.test.TGGuanJianCi">
    <ignored/>
  </testcase> <!-- Guanjianzi -->
  <testcase name="Weiquan" time="0.0" classname="com.edu.test.TGGuanJianCi">
    <ignored/>
  </testcase> <!-- Weiquan -->
  <testcase name="Editlink" time="0.0" classname="com.edu.test.TGGuanJianCi">
    <ignored/>
  </testcase> <!-- Editlink -->
  <testcase name="Delsubmit" time="0.0" classname="com.edu.test.TGGuanJianCi">
    <ignored/>
  </testcase> <!-- Delsubmit -->
  <testcase name="Sousuo" time="0.0" classname="com.edu.test.TGGuanJianCi">
    <ignored/>
  </testcase> <!-- Sousuo -->
</testsuite> <!-- Default test -->
